<?xml version="1.0" encoding="UTF-8"?>
<testsuite xmlns:xsi="http://www.w3.org/2001/XMLSchema-instance" xsi:noNamespaceSchemaLocation="https://maven.apache.org/surefire/maven-surefire-plugin/xsd/surefire-test-report-3.0.xsd" version="3.0" name="com.automatedtest.tests.HomePageTest" time="20.247" tests="4" errors="0" skipped="0" failures="0">
  <properties>
[...]
</properties>
  <testcase name="As todoMVC user add 5 todo items and remove 2 todo items" classname="Validate todo list application" time="6.04">
    <system-out><![CDATA[
@validate_todo_count
Scenario Outline: As todoMVC user add 5 todo items and remove 2 todo items &amp#27;[90m# src/test/resources/com/automatedtest/Home_page.feature:11&amp#27;[0m
  &amp#27;[32mGiven &amp#27;[0m&amp#27;[32mI navigates to HomePage&amp#27;[0m                                            &amp#27;[90m# com.automatedtest.steps.HomePageSteps.a_todoMVC_user_navigates_to_HomePage()&amp#27;[0m
  &amp#27;[32mWhen &amp#27;[0m&amp#27;[32mI add &amp#27;[0m&amp#27;[32m&amp#27;[1m5&amp#27;[0m&amp#27;[32m todo items to list&amp#27;[0m                                          &amp#27;[90m# com.automatedtest.steps.HomePageSteps.user_add_todo_items_to_list(java.lang.Integer)&amp#27;[0m
  &amp#27;[32mAnd &amp#27;[0m&amp#27;[32mI remove &amp#27;[0m&amp#27;[32m&amp#27;[1m2&amp#27;[0m&amp#27;[32m todo items to list&amp#27;[0m                                        &amp#27;[90m# com.automatedtest.steps.HomePageSteps.user_remove_todo_items_to_list(java.lang.Integer)&amp#27;[0m
  &amp#27;[32mThen &amp#27;[0m&amp#27;[32mtodo list is displayed with &amp#27;[0m&amp#27;[32m&amp#27;[1m3&amp#27;[0m&amp#27;[32m items&amp#27;[0m                                 &amp#27;[90m# com.automatedtest.steps.HomePageSteps.search_bar_is_displayed_items_in_list(java.lang.Integer)&amp#27;[0m
]]></system-out>
    <system-err><![CDATA[May 22, 2025 5:54:32 AM io.cucumber.junit.Cucumber <init>
WARNING: By default Cucumber is running in --non-strict mode.
This default will change to --strict and --non-strict will be removed.
You can use --strict or @CucumberOptions(strict = true) to suppress this warning
SLF4J(W): No SLF4J providers were found.
SLF4J(W): Defaulting to no-operation (NOP) logger implementation
SLF4J(W): See https://www.slf4j.org/codes.html#noProviders for further details.
Starting ChromeDriver 136.0.7103.113 (76fa3c1782406c63308c70b54f228fd39c7aaa71-refs/branch-heads/7103_108@{#3}) on port 8002
Only local connections are allowed.
Please see https://chromedriver.chromium.org/security-considerations for suggestions on keeping ChromeDriver safe.
ChromeDriver was started successfully on port 8002.
May 22, 2025 5:54:36 AM org.openqa.selenium.devtools.CdpVersionFinder findNearestMatch
WARNING: Unable to find CDP implementation matching 136
May 22, 2025 5:54:36 AM org.openqa.selenium.chromium.ChromiumDriver lambda$new$3
WARNING: Unable to find version of CDP to use for . You may need to include a dependency on a specific version of the CDP using something similar to `org.seleniumhq.selenium:selenium-devtools-v86:4.6.0` where the version ("v86") matches the version of the chromium-based browser you're using and the version number of the artifact is the same as Selenium's.
]]></system-err>
  </testcase>
  <testcase name="As todoMVC user add 20 todo items and remove 5 todo items" classname="Validate todo list application" time="7.258">
    <system-out><![CDATA[
@validate_todo_count
Scenario Outline: As todoMVC user add 20 todo items and remove 5 todo items &amp#27;[90m# src/test/resources/com/automatedtest/Home_page.feature:12&amp#27;[0m
  &amp#27;[32mGiven &amp#27;[0m&amp#27;[32mI navigates to HomePage&amp#27;[0m                                             &amp#27;[90m# com.automatedtest.steps.HomePageSteps.a_todoMVC_user_navigates_to_HomePage()&amp#27;[0m
  &amp#27;[32mWhen &amp#27;[0m&amp#27;[32mI add &amp#27;[0m&amp#27;[32m&amp#27;[1m20&amp#27;[0m&amp#27;[32m todo items to list&amp#27;[0m                                          &amp#27;[90m# com.automatedtest.steps.HomePageSteps.user_add_todo_items_to_list(java.lang.Integer)&amp#27;[0m
  &amp#27;[32mAnd &amp#27;[0m&amp#27;[32mI remove &amp#27;[0m&amp#27;[32m&amp#27;[1m5&amp#27;[0m&amp#27;[32m todo items to list&amp#27;[0m                                         &amp#27;[90m# com.automatedtest.steps.HomePageSteps.user_remove_todo_items_to_list(java.lang.Integer)&amp#27;[0m
  &amp#27;[32mThen &amp#27;[0m&amp#27;[32mtodo list is displayed with &amp#27;[0m&amp#27;[32m&amp#27;[1m15&amp#27;[0m&amp#27;[32m items&amp#27;[0m                                 &amp#27;[90m# com.automatedtest.steps.HomePageSteps.search_bar_is_displayed_items_in_list(java.lang.Integer)&amp#27;[0m
]]></system-out>
    <system-err><![CDATA[Starting ChromeDriver 136.0.7103.113 (76fa3c1782406c63308c70b54f228fd39c7aaa71-refs/branch-heads/7103_108@{#3}) on port 32910
Only local connections are allowed.
Please see https://chromedriver.chromium.org/security-considerations for suggestions on keeping ChromeDriver safe.
ChromeDriver was started successfully on port 32910.
May 22, 2025 5:54:40 AM org.openqa.selenium.devtools.CdpVersionFinder findNearestMatch
WARNING: Unable to find CDP implementation matching 136
May 22, 2025 5:54:40 AM org.openqa.selenium.chromium.ChromiumDriver lambda$new$3
WARNING: Unable to find version of CDP to use for . You may need to include a dependency on a specific version of the CDP using something similar to `org.seleniumhq.selenium:selenium-devtools-v86:4.6.0` where the version ("v86") matches the version of the chromium-based browser you're using and the version number of the artifact is the same as Selenium's.
]]></system-err>
  </testcase>
  <testcase name="As todoMVC user change existing todo items" classname="Validate todo list application" time="3.155">
    <system-out><![CDATA[
@validate_todo_edit
Scenario: As todoMVC user change existing todo items &amp#27;[90m# src/test/resources/com/automatedtest/Home_page.feature:15&amp#27;[0m
  &amp#27;[32mGiven &amp#27;[0m&amp#27;[32mI navigates to HomePage&amp#27;[0m                      &amp#27;[90m# com.automatedtest.steps.HomePageSteps.a_todoMVC_user_navigates_to_HomePage()&amp#27;[0m
  &amp#27;[32mWhen &amp#27;[0m&amp#27;[32mI add todo items to list&amp#27;[0m                      &amp#27;[90m# com.automatedtest.steps.HomePageSteps.user_add_todo_items_to_list(io.cucumber.datatable.DataTable)&amp#27;[0m
  &amp#27;[32mAnd &amp#27;[0m&amp#27;[32mvalidate todo list item number &amp#27;[0m&amp#27;[32m&amp#27;[1m"3 items left!"&amp#27;[0m &amp#27;[90m# com.automatedtest.steps.HomePageSteps.search_bar_displayed_done_items_in_list(java.lang.String)&amp#27;[0m
  &amp#27;[32mAnd &amp#27;[0m&amp#27;[32mI edit existing todo items to list&amp#27;[0m             &amp#27;[90m# com.automatedtest.steps.HomePageSteps.user_edit_todo_items_to_list(io.cucumber.datatable.DataTable)&amp#27;[0m
  &amp#27;[32mThen &amp#27;[0m&amp#27;[32msearch bar display todo items in list&amp#27;[0m         &amp#27;[90m# com.automatedtest.steps.HomePageSteps.search_bar_is_displayed_in_list(io.cucumber.datatable.DataTable)&amp#27;[0m
]]></system-out>
    <system-err><![CDATA[Starting ChromeDriver 136.0.7103.113 (76fa3c1782406c63308c70b54f228fd39c7aaa71-refs/branch-heads/7103_108@{#3}) on port 45194
Only local connections are allowed.
Please see https://chromedriver.chromium.org/security-considerations for suggestions on keeping ChromeDriver safe.
ChromeDriver was started successfully on port 45194.
May 22, 2025 5:54:47 AM org.openqa.selenium.devtools.CdpVersionFinder findNearestMatch
WARNING: Unable to find CDP implementation matching 136
May 22, 2025 5:54:47 AM org.openqa.selenium.chromium.ChromiumDriver lambda$new$3
WARNING: Unable to find version of CDP to use for . You may need to include a dependency on a specific version of the CDP using something similar to `org.seleniumhq.selenium:selenium-devtools-v86:4.6.0` where the version ("v86") matches the version of the chromium-based browser you're using and the version number of the artifact is the same as Selenium's.
]]></system-err>
  </testcase>
  <testcase name="As todoMVC user check done items" classname="Validate todo list application" time="3.061">
    <system-out><![CDATA[
@validate_check_done_items
Scenario: As todoMVC user check done items           &amp#27;[90m# src/test/resources/com/automatedtest/Home_page.feature:27&amp#27;[0m
  &amp#27;[32mGiven &amp#27;[0m&amp#27;[32mI navigates to HomePage&amp#27;[0m                      &amp#27;[90m# com.automatedtest.steps.HomePageSteps.a_todoMVC_user_navigates_to_HomePage()&amp#27;[0m
  &amp#27;[32mWhen &amp#27;[0m&amp#27;[32mI add todo items to list&amp#27;[0m                      &amp#27;[90m# com.automatedtest.steps.HomePageSteps.user_add_todo_items_to_list(io.cucumber.datatable.DataTable)&amp#27;[0m
  &amp#27;[32mAnd &amp#27;[0m&amp#27;[32mI check the todo list items&amp#27;[0m                    &amp#27;[90m# com.automatedtest.steps.HomePageSteps.i_check_the_todo_list_items(io.cucumber.datatable.DataTable)&amp#27;[0m
  &amp#27;[32mThen &amp#27;[0m&amp#27;[32msearch bar display todo items in list&amp#27;[0m         &amp#27;[90m# com.automatedtest.steps.HomePageSteps.search_bar_is_displayed_in_list(io.cucumber.datatable.DataTable)&amp#27;[0m
  &amp#27;[32mAnd &amp#27;[0m&amp#27;[32mvalidate todo list item number &amp#27;[0m&amp#27;[32m&amp#27;[1m"2 items left!"&amp#27;[0m &amp#27;[90m# com.automatedtest.steps.HomePageSteps.search_bar_displayed_done_items_in_list(java.lang.String)&amp#27;[0m
]]></system-out>
    <system-err><![CDATA[Starting ChromeDriver 136.0.7103.113 (76fa3c1782406c63308c70b54f228fd39c7aaa71-refs/branch-heads/7103_108@{#3}) on port 42729
Only local connections are allowed.
Please see https://chromedriver.chromium.org/security-considerations for suggestions on keeping ChromeDriver safe.
ChromeDriver was started successfully on port 42729.
May 22, 2025 5:54:50 AM org.openqa.selenium.devtools.CdpVersionFinder findNearestMatch
WARNING: Unable to find CDP implementation matching 136
May 22, 2025 5:54:50 AM org.openqa.selenium.chromium.ChromiumDriver lambda$new$3
WARNING: Unable to find version of CDP to use for . You may need to include a dependency on a specific version of the CDP using something similar to `org.seleniumhq.selenium:selenium-devtools-v86:4.6.0` where the version ("v86") matches the version of the chromium-based browser you're using and the version number of the artifact is the same as Selenium's.
]]></system-err>
  </testcase>
</testsuite>